[17:27:12] [main/INFO] (FabricLoader) Loading for game Minecraft 1.5.2
[17:27:12] [main/DEBUG] (FabricLoader) Requesting deobfuscation of dev.jar
[17:27:12] [main/DEBUG] (FabricLoader) [Knot] Proposed file:/H:/DATA/Modding/CE/2.0.1/SillyHats/build/dev_run/dev.jar to classpath.
[17:27:12] [main/DEBUG] (FabricLoader|EntrypointTransformer) Found game constructor: net.minecraft.client.main.Main -> net.minecraft.client.Minecraft
[17:27:12] [main/DEBUG] (FabricLoader|EntrypointTransformer) Patching game constructor startGame()V
[17:27:12] [main/DEBUG] (FabricLoader|EntrypointTransformer) Run directory field is thought to be net/minecraft/client/Minecraft/mcDataDir
[17:27:12] [main/DEBUG] (FabricLoader|EntrypointTransformer) Applying brand name hook to net/minecraft/client/ClientBrandRetriever::getClientModName
[17:27:12] [main/DEBUG] (FabricLoader|EntrypointTransformer) Applying brand name hook to net/minecraft/server/MinecraftServer::getServerModName
[17:27:12] [main/DEBUG] (FabricLoader|EntrypointTransformer) [EntrypointTransformer] Patched 3 classes.
[17:27:12] [main/DEBUG] (Fabric|Loader) [ClasspathModCandidateFinder] Adding dev classpath directories to classpath.
[17:27:12] [main/DEBUG] (FabricLoader) [Knot] Proposed file:/H:/DATA/Modding/CE/2.0.1/SillyHats/build/classes/java/main/ to classpath.
[17:27:12] [main/DEBUG] (Fabric|Loader) [ClasspathModCandidateFinder] Processing /H:/DATA/Modding/CE/2.0.1/SillyHats/.gradle/loom-cache/remapped_mods/null_unspecified_1_5_2_1_0/io/github/minecraft-cursed-legacy/cursed-fabric-loader/1.0.0/cursed-fabric-loader-1.0.0.jar
[17:27:12] [main/DEBUG] (Fabric|Loader) [ClasspathModCandidateFinder] Processing /H:/DATA/Modding/CE/2.0.1/SillyHats/build/resources/main/
[17:27:12] [ForkJoinPool-1-worker-1/DEBUG] (Fabric|Loader) Testing file:/H:/DATA/Modding/CE/2.0.1/SillyHats/.gradle/loom-cache/remapped_mods/null_unspecified_1_5_2_1_0/io/github/minecraft-cursed-legacy/cursed-fabric-loader/1.0.0/cursed-fabric-loader-1.0.0.jar
[17:27:12] [ForkJoinPool-1-worker-2/DEBUG] (Fabric|Loader) Testing file:/H:/DATA/Modding/CE/2.0.1/SillyHats/build/resources/main/
[17:27:12] [ForkJoinPool-1-worker-2/DEBUG] (Fabric|Loader) Adding file:/H:/DATA/Modding/CE/2.0.1/SillyHats/build/resources/main/ as ModCandidate{modid@1.0.0}
[17:27:12] [ForkJoinPool-1-worker-1/DEBUG] (Fabric|Loader) Adding file:/H:/DATA/Modding/CE/2.0.1/SillyHats/.gradle/loom-cache/remapped_mods/null_unspecified_1_5_2_1_0/io/github/minecraft-cursed-legacy/cursed-fabric-loader/1.0.0/cursed-fabric-loader-1.0.0.jar as ModCandidate{fabricloader@1.0.0}
[17:27:12] [ForkJoinPool-1-worker-2/DEBUG] (Fabric|Loader) Searching for nested JARs in ModCandidate{modid@1.0.0}
[17:27:12] [ForkJoinPool-1-worker-1/DEBUG] (Fabric|Loader) Searching for nested JARs in ModCandidate{fabricloader@1.0.0}
[17:27:12] [ForkJoinPool-1-worker-2/DEBUG] (Fabric|Loader) file:/H:/DATA/Modding/CE/2.0.1/SillyHats/build/resources/main/
[17:27:12] [ForkJoinPool-1-worker-1/DEBUG] (Fabric|Loader) file:/H:/DATA/Modding/CE/2.0.1/SillyHats/.gradle/loom-cache/remapped_mods/null_unspecified_1_5_2_1_0/io/github/minecraft-cursed-legacy/cursed-fabric-loader/1.0.0/cursed-fabric-loader-1.0.0.jar
[17:27:12] [main/DEBUG] (Fabric|Loader) Mod resolution detection time: 54ms
[17:27:12] [main/DEBUG] (Fabric|Loader) Mod resolution time: 5ms
[17:27:12] [main/INFO] (Fabric|Loader) [FabricLoaderImpl] Loading 4 mods: minecraft@1.5.2, java@8, fabricloader@1.0.0, modid@1.0.0
[17:27:12] [main/DEBUG] (FabricLoader) [Knot] Proposed file:/H:/DATA/Modding/CE/2.0.1/SillyHats/build/resources/main/ to classpath.
[17:27:12] [main/DEBUG] (Fabric|Loader) Registering new-style initializer net.fabricmc.example.ExampleMod for mod modid (key init)
[17:27:12] [main/DEBUG] (Fabric|Loader) Registering new-style initializer net.fabricmc.example.ExamplePreLaunchInitializer for mod modid (key preLaunch)
[17:27:12] [main/DEBUG] (mixin) Mixin bootstrap service org.spongepowered.asm.service.mojang.MixinServiceLaunchWrapperBootstrap is not available: LaunchWrapper is not available
[17:27:12] [main/DEBUG] (mixin) Mixin bootstrap service org.spongepowered.asm.service.modlauncher.MixinServiceModLauncherBootstrap is not available: ModLauncher is not available
[17:27:12] [main/DEBUG] (mixin) MixinService [LaunchWrapper] is not valid
[17:27:12] [main/DEBUG] (mixin) MixinService [ModLauncher] is not valid
[17:27:12] [main/DEBUG] (mixin) MixinService [Knot/Fabric] was successfully booted in sun.misc.Launcher$AppClassLoader@266474c2
[17:27:13] [main/INFO] (mixin) SpongePowered MIXIN Subsystem Version=0.8.2 Source=file:/C:/Users/Flynn/.gradle/caches/modules-2/files-2.1/net.fabricmc/sponge-mixin/0.9.2+mixin.0.8.2/12c437eebf031967eaa7daad861e115932772cc7/sponge-mixin-0.9.2+mixin.0.8.2.jar Service=Knot/Fabric Env=CLIENT
[17:27:13] [main/DEBUG] (mixin) Initialising Mixin Platform Manager
[17:27:13] [main/DEBUG] (mixin) Adding mixin platform agents for container ContainerHandleURI(file:/H:/DATA/Modding/CE/2.0.1/SillyHats/.gradle/loom-cache/remapped_mods/null_unspecified_1_5_2_1_0/io/github/minecraft-cursed-legacy/cursed-fabric-loader/1.0.0/cursed-fabric-loader-1.0.0.jar)
[17:27:13] [main/DEBUG] (mixin) Instancing new MixinPlatformAgentDefault for ContainerHandleURI(file:/H:/DATA/Modding/CE/2.0.1/SillyHats/.gradle/loom-cache/remapped_mods/null_unspecified_1_5_2_1_0/io/github/minecraft-cursed-legacy/cursed-fabric-loader/1.0.0/cursed-fabric-loader-1.0.0.jar)
[17:27:13] [main/DEBUG] (mixin) MixinPlatformAgentDefault accepted container ContainerHandleURI(file:/H:/DATA/Modding/CE/2.0.1/SillyHats/.gradle/loom-cache/remapped_mods/null_unspecified_1_5_2_1_0/io/github/minecraft-cursed-legacy/cursed-fabric-loader/1.0.0/cursed-fabric-loader-1.0.0.jar)
[17:27:13] [main/DEBUG] (mixin) Instancing new MixinPlatformAgentDefault for ContainerHandleURI(file:/H:/DATA/Modding/CE/2.0.1/SillyHats/.gradle/loom-cache/remapped_mods/null_unspecified_1_5_2_1_0/io/github/minecraft-cursed-legacy/cursed-fabric-loader/1.0.0/cursed-fabric-loader-1.0.0.jar)
[17:27:13] [main/DEBUG] (mixin) MixinPlatformAgentDefault accepted container ContainerHandleURI(file:/H:/DATA/Modding/CE/2.0.1/SillyHats/.gradle/loom-cache/remapped_mods/null_unspecified_1_5_2_1_0/io/github/minecraft-cursed-legacy/cursed-fabric-loader/1.0.0/cursed-fabric-loader-1.0.0.jar)
[17:27:13] [main/DEBUG] (mixin) Processing prepare() for PlatformAgent[MixinPlatformAgentDefault:ContainerHandleURI(file:/H:/DATA/Modding/CE/2.0.1/SillyHats/.gradle/loom-cache/remapped_mods/null_unspecified_1_5_2_1_0/io/github/minecraft-cursed-legacy/cursed-fabric-loader/1.0.0/cursed-fabric-loader-1.0.0.jar)]
[17:27:13] [main/DEBUG] (mixin) Processing prepare() for PlatformAgent[MixinPlatformAgentDefault:ContainerHandleURI(file:/H:/DATA/Modding/CE/2.0.1/SillyHats/.gradle/loom-cache/remapped_mods/null_unspecified_1_5_2_1_0/io/github/minecraft-cursed-legacy/cursed-fabric-loader/1.0.0/cursed-fabric-loader-1.0.0.jar)]
[17:27:13] [main/DEBUG] (FabricLoader) Loading mappings took 109 ms
[17:27:13] [main/INFO] (Fabric|MixinBootstrap) Loaded Fabric development mappings for mixin remapper!
[17:27:13] [main/DEBUG] (mixin) Error cleaning class output directory: .mixin.out
[17:27:13] [main/DEBUG] (Fabric|Loader) Iterating over entrypoint 'preLaunch'
[17:27:13] [main/DEBUG] (mixin) Preparing mixins for MixinEnvironment[DEFAULT]
[17:27:13] [main/DEBUG] (mixin) Selecting config modid.mixins.json
[17:27:13] [main/DEBUG] (mixin) Preparing modid.mixins.json (1)
[17:27:14] [main/DEBUG] (mixin) Registering new injector for @Inject with org.spongepowered.asm.mixin.injection.struct.CallbackInjectionInfo
[17:27:14] [main/DEBUG] (mixin) Registering new injector for @ModifyArg with org.spongepowered.asm.mixin.injection.struct.ModifyArgInjectionInfo
[17:27:14] [main/DEBUG] (mixin) Registering new injector for @ModifyArgs with org.spongepowered.asm.mixin.injection.struct.ModifyArgsInjectionInfo
[17:27:14] [main/DEBUG] (mixin) Registering new injector for @Redirect with org.spongepowered.asm.mixin.injection.struct.RedirectInjectionInfo
[17:27:14] [main/DEBUG] (mixin) Registering new injector for @ModifyVariable with org.spongepowered.asm.mixin.injection.struct.ModifyVariableInjectionInfo
[17:27:14] [main/DEBUG] (mixin) Registering new injector for @ModifyConstant with org.spongepowered.asm.mixin.injection.struct.ModifyConstantInjectionInfo
[17:27:14] [main/DEBUG] (mixin) Mixing ExampleMixin from modid.mixins.json into btw.BTWAddon
[17:27:18] [Minecraft main thread/DEBUG] (Fabric|Loader) Iterating over entrypoint 'init'
[17:27:18] [Minecraft main thread/DEBUG] (Fabric|Loader) No subscribers for entrypoint 'client'
[17:27:18] [Minecraft main thread/DEBUG] (Fabric|Loader) No subscribers for entrypoint 'postInit'
